<?xml version="1.0" encoding="UTF-8"?>
<testsuite xmlns:xsi="http://www.w3.org/2001/XMLSchema-instance" xsi:noNamespaceSchemaLocation="https://maven.apache.org/surefire/maven-surefire-plugin/xsd/surefire-test-report-3.0.xsd" version="3.0" name="step_definitions.RunCukesTest" time="119.719" tests="32" errors="0" skipped="0" failures="0">
  <properties>
[...]
</properties>
  <testcase name="Given User open the website sauce demo" classname="Scenario: Normal CheckOut" time="0.002">
    <system-out><![CDATA[@CheckOut @AllFeature
Feature: CheckOut
  As a user i want to login to website sauce demo
]]></system-out>
    <system-err><![CDATA[SLF4J: Failed to load class "org.slf4j.impl.StaticLoggerBinder".
SLF4J: Defaulting to no-operation (NOP) logger implementation
SLF4J: See http://www.slf4j.org/codes.html#StaticLoggerBinder for further details.
Starting ChromeDriver 111.0.5563.64 (c710e93d5b63b7095afe8c2c17df34408078439d-refs/branch-heads/5563@{#995}) on port 50696
Only local connections are allowed.
Please see https://chromedriver.chromium.org/security-considerations for suggestions on keeping ChromeDriver safe.
ChromeDriver was started successfully.
Mar 11, 2023 9:54:02 AM org.openqa.selenium.remote.ProtocolHandshake createSession
INFO: Detected dialect: W3C
Mar 11, 2023 9:54:02 AM org.openqa.selenium.devtools.CdpVersionFinder findNearestMatch
WARNING: Unable to find an exact match for CDP version 111, so returning the closest version found: a no-op implementation
Mar 11, 2023 9:54:02 AM org.openqa.selenium.devtools.CdpVersionFinder findNearestMatch
INFO: Unable to find CDP implementation matching 111.
Mar 11, 2023 9:54:02 AM org.openqa.selenium.chromium.ChromiumDriver lambda$new$3
WARNING: Unable to find version of CDP to use for . You may need to include a dependency on a specific version of the CDP using something similar to `org.seleniumhq.selenium:selenium-devtools-v86:4.1.2` where the version ("v86") matches the version of the chromium-based browser you're using and the version number of the artifact is the same as Selenium's.
]]></system-err>
  </testcase>
  <testcase name="When User input &quot;standard_user&quot; as userName and input &quot;secret_sauce&quot; as password" classname="Scenario: Normal CheckOut" time="0"/>
  <testcase name="And User already on landing page" classname="Scenario: Normal CheckOut" time="0"/>
  <testcase name="And User sort product by &quot;Name (Z to A)&quot;" classname="Scenario: Normal CheckOut" time="0"/>
  <testcase name="And User pick item Sauce Labs Onesie" classname="Scenario: Normal CheckOut" time="0"/>
  <testcase name="And User pick item Test.allTheThings() T-Shirt (Red)" classname="Scenario: Normal CheckOut" time="0"/>
  <testcase name="And User click Chart icon" classname="Scenario: Normal CheckOut" time="0.001"/>
  <testcase name="And User verify that products in Chart Page" classname="Scenario: Normal CheckOut" time="0.001"/>
  <testcase name="And User remove item Test.allTheThings() T-Shirt (Red)" classname="Scenario: Normal CheckOut" time="0.001"/>
  <testcase name="And User click CHECKOUT button" classname="Scenario: Normal CheckOut" time="0.001"/>
  <testcase name="And User already on CHECKOUT: YOUR INFORMATION page" classname="Scenario: Normal CheckOut" time="0"/>
  <testcase name="And User input &quot;Dona&quot; as firstName, &quot;Putra&quot; as lastName and &quot;16152&quot; as postalCode" classname="Scenario: Normal CheckOut" time="0"/>
  <testcase name="And User click continue" classname="Scenario: Normal CheckOut" time="0.001"/>
  <testcase name="And User already on CHECKOUT: OVERVIEW page" classname="Scenario: Normal CheckOut" time="0.002"/>
  <testcase name="And User click FINISH button" classname="Scenario: Normal CheckOut" time="0.001"/>
  <testcase name="Then CHECKOUT COMPLETE! and showing &quot;Thank you for your order!&quot; text" classname="Scenario: Normal CheckOut" time="0"/>
  <testcase name="" classname="Scenario: Normal CheckOut" time="9.675">
    <system-err><![CDATA[Mar 11, 2023 9:54:51 AM org.openqa.selenium.os.OsProcess destroy
SEVERE: Unable to kill process java.lang.ProcessImpl@178270b2
]]></system-err>
  </testcase>
  <testcase name="Given User open the website sauce demo" classname="Scenario: Normal login" time="0">
    <system-out><![CDATA[
  Scenario: Normal CheckOut                                                           &amp#27;[90m# features/CheckOut.feature:5&amp#27;[0m
    &amp#27;[32mGiven &amp#27;[0m&amp#27;[32mUser open the website sauce demo&amp#27;[0m                                            &amp#27;[90m# LoginSteps.verifyDisplay()&amp#27;[0m
    &amp#27;[32mWhen &amp#27;[0m&amp#27;[32mUser input "&amp#27;[0m&amp#27;[32m&amp#27;[1mstandard_user&amp#27;[0m&amp#27;[32m" as userName and input "&amp#27;[0m&amp#27;[32m&amp#27;[1msecret_sauce&amp#27;[0m&amp#27;[32m" as password&amp#27;[0m  &amp#27;[90m# LoginSteps.inputCredential(String,String)&amp#27;[0m
    &amp#27;[32mAnd &amp#27;[0m&amp#27;[32mUser already on landing page&amp#27;[0m                                                  &amp#27;[90m# PurchaseSteps.verifyLandPage()&amp#27;[0m
    &amp#27;[32mAnd &amp#27;[0m&amp#27;[32mUser sort product by "&amp#27;[0m&amp#27;[32m&amp#27;[1mName (Z to A)&amp#27;[0m&amp#27;[32m"&amp#27;[0m                                          &amp#27;[90m# PurchaseSteps.sortProduct(String)&amp#27;[0m
    &amp#27;[32mAnd &amp#27;[0m&amp#27;[32mUser pick item Sauce Labs Onesie&amp#27;[0m                                              &amp#27;[90m# PurchaseSteps.clickItemBasket1()&amp#27;[0m
    &amp#27;[32mAnd &amp#27;[0m&amp#27;[32mUser pick item Test.allTheThings() T-Shirt (Red)&amp#27;[0m                              &amp#27;[90m# PurchaseSteps.clickItemBasket2()&amp#27;[0m
    &amp#27;[32mAnd &amp#27;[0m&amp#27;[32mUser click Chart icon&amp#27;[0m                                                         &amp#27;[90m# PurchaseSteps.clickItemBasket3()&amp#27;[0m
    &amp#27;[32mAnd &amp#27;[0m&amp#27;[32mUser verify that products in Chart Page&amp#27;[0m                                       &amp#27;[90m# PurchaseSteps.verifyListOfProduct()&amp#27;[0m
    &amp#27;[32mAnd &amp#27;[0m&amp#27;[32mUser remove item Test.allTheThings() T-Shirt (Red)&amp#27;[0m                            &amp#27;[90m# PurchaseSteps.clickRemoveItemBasket4()&amp#27;[0m
    &amp#27;[32mAnd &amp#27;[0m&amp#27;[32mUser click CHECKOUT button&amp#27;[0m                                                    &amp#27;[90m# PurchaseSteps.clickCheckOutButton()&amp#27;[0m
    &amp#27;[32mAnd &amp#27;[0m&amp#27;[32mUser already on CHECKOUT: YOUR INFORMATION page&amp#27;[0m                               &amp#27;[90m# PurchaseSteps.verifyCheckOut()&amp#27;[0m
    &amp#27;[32mAnd &amp#27;[0m&amp#27;[32mUser input "&amp#27;[0m&amp#27;[32m&amp#27;[1mDona&amp#27;[0m&amp#27;[32m" as firstName, "&amp#27;[0m&amp#27;[32m&amp#27;[1mPutra&amp#27;[0m&amp#27;[32m" as lastName and "&amp#27;[0m&amp#27;[32m&amp#27;[1m16152&amp#27;[0m&amp#27;[32m" as postalCode&amp#27;[0m &amp#27;[90m# PurchaseSteps.inputCredential(String,String,String)&amp#27;[0m
    &amp#27;[32mAnd &amp#27;[0m&amp#27;[32mUser click continue&amp#27;[0m                                                           &amp#27;[90m# PurchaseSteps.clickContinueButton()&amp#27;[0m
    &amp#27;[32mAnd &amp#27;[0m&amp#27;[32mUser already on CHECKOUT: OVERVIEW page&amp#27;[0m                                       &amp#27;[90m# PurchaseSteps.verifyOverview()&amp#27;[0m
    &amp#27;[32mAnd &amp#27;[0m&amp#27;[32mUser click FINISH button&amp#27;[0m                                                      &amp#27;[90m# PurchaseSteps.clickFinishButton()&amp#27;[0m
    &amp#27;[32mThen &amp#27;[0m&amp#27;[32mCHECKOUT COMPLETE! and showing "&amp#27;[0m&amp#27;[32m&amp#27;[1mThank you for your order!&amp#27;[0m&amp#27;[32m" text&amp#27;[0m              &amp#27;[90m# PurchaseSteps.verifyCheckOutComplete(String)&amp#27;[0m
@Login @AllFeature
Feature: Login
  As a user i want to login to website sauce demo
]]></system-out>
    <system-err><![CDATA[Starting ChromeDriver 111.0.5563.64 (c710e93d5b63b7095afe8c2c17df34408078439d-refs/branch-heads/5563@{#995}) on port 60395
Only local connections are allowed.
Please see https://chromedriver.chromium.org/security-considerations for suggestions on keeping ChromeDriver safe.
ChromeDriver was started successfully.
Mar 11, 2023 9:55:00 AM org.openqa.selenium.remote.ProtocolHandshake createSession
INFO: Detected dialect: W3C
Mar 11, 2023 9:55:00 AM org.openqa.selenium.devtools.CdpVersionFinder findNearestMatch
WARNING: Unable to find an exact match for CDP version 111, so returning the closest version found: a no-op implementation
Mar 11, 2023 9:55:00 AM org.openqa.selenium.devtools.CdpVersionFinder findNearestMatch
INFO: Unable to find CDP implementation matching 111.
Mar 11, 2023 9:55:00 AM org.openqa.selenium.chromium.ChromiumDriver lambda$new$3
WARNING: Unable to find version of CDP to use for . You may need to include a dependency on a specific version of the CDP using something similar to `org.seleniumhq.selenium:selenium-devtools-v86:4.1.2` where the version ("v86") matches the version of the chromium-based browser you're using and the version number of the artifact is the same as Selenium's.
]]></system-err>
  </testcase>
  <testcase name="When User input &quot;standard_user&quot; as userName and input &quot;secret_sauce&quot; as password" classname="Scenario: Normal login" time="0"/>
  <testcase name="" classname="Scenario: Normal login" time="3.961"/>
  <testcase name="Given User open the website sauce demo" classname="| DONA | 123 | Epic sadface: Username and password do not match any user in this service |" time="0">
    <system-out><![CDATA[
  Scenario: Normal login                                                             &amp#27;[90m# features/Login.feature:5&amp#27;[0m
    &amp#27;[32mGiven &amp#27;[0m&amp#27;[32mUser open the website sauce demo&amp#27;[0m                                           &amp#27;[90m# LoginSteps.verifyDisplay()&amp#27;[0m
    &amp#27;[32mWhen &amp#27;[0m&amp#27;[32mUser input "&amp#27;[0m&amp#27;[32m&amp#27;[1mstandard_user&amp#27;[0m&amp#27;[32m" as userName and input "&amp#27;[0m&amp#27;[32m&amp#27;[1msecret_sauce&amp#27;[0m&amp#27;[32m" as password&amp#27;[0m &amp#27;[90m# LoginSteps.inputCredential(String,String)&amp#27;[0m

  Scenario Outline: Invalid login                                               &amp#27;[90m# features/Login.feature:9&amp#27;[0m
    &amp#27;[36mGiven &amp#27;[0m&amp#27;[36mUser open the website sauce demo&amp#27;[0m
    &amp#27;[36mWhen &amp#27;[0m&amp#27;[36mUser input "<userName>" as userName and input "<password>" as password&amp#27;[0m
    &amp#27;[36mThen &amp#27;[0m&amp#27;[36mUser see error "<errorMessage>" on login page&amp#27;[0m

    Examples: 
]]></system-out>
    <system-err><![CDATA[Starting ChromeDriver 111.0.5563.64 (c710e93d5b63b7095afe8c2c17df34408078439d-refs/branch-heads/5563@{#995}) on port 51059
Only local connections are allowed.
Please see https://chromedriver.chromium.org/security-considerations for suggestions on keeping ChromeDriver safe.
ChromeDriver was started successfully.
Mar 11, 2023 9:55:11 AM org.openqa.selenium.remote.ProtocolHandshake createSession
INFO: Detected dialect: W3C
Mar 11, 2023 9:55:11 AM org.openqa.selenium.devtools.CdpVersionFinder findNearestMatch
WARNING: Unable to find an exact match for CDP version 111, so returning the closest version found: a no-op implementation
Mar 11, 2023 9:55:11 AM org.openqa.selenium.devtools.CdpVersionFinder findNearestMatch
INFO: Unable to find CDP implementation matching 111.
Mar 11, 2023 9:55:11 AM org.openqa.selenium.chromium.ChromiumDriver lambda$new$3
WARNING: Unable to find version of CDP to use for . You may need to include a dependency on a specific version of the CDP using something similar to `org.seleniumhq.selenium:selenium-devtools-v86:4.1.2` where the version ("v86") matches the version of the chromium-based browser you're using and the version number of the artifact is the same as Selenium's.
]]></system-err>
  </testcase>
  <testcase name="When User input &quot;DONA&quot; as userName and input &quot;123&quot; as password" classname="| DONA | 123 | Epic sadface: Username and password do not match any user in this service |" time="0"/>
  <testcase name="Then User see error &quot;Epic sadface: Username and password do not match any user in this service&quot; on login page" classname="| DONA | 123 | Epic sadface: Username and password do not match any user in this service |" time="0"/>
  <testcase name="" classname="| DONA | 123 | Epic sadface: Username and password do not match any user in this service |" time="3.502"/>
  <testcase name="Given User open the website sauce demo" classname="|  | 123 | Epic sadface: Username is required |" time="0">
    <system-out><![CDATA[
  @Login @AllFeature
  Scenario Outline: Invalid login                                                                                 &amp#27;[90m# features/Login.feature:15&amp#27;[0m
    &amp#27;[32mGiven &amp#27;[0m&amp#27;[32mUser open the website sauce demo&amp#27;[0m                                                                        &amp#27;[90m# LoginSteps.verifyDisplay()&amp#27;[0m
    &amp#27;[32mWhen &amp#27;[0m&amp#27;[32mUser input "&amp#27;[0m&amp#27;[32m&amp#27;[1mDONA&amp#27;[0m&amp#27;[32m" as userName and input "&amp#27;[0m&amp#27;[32m&amp#27;[1m123&amp#27;[0m&amp#27;[32m" as password&amp#27;[0m                                                &amp#27;[90m# LoginSteps.inputCredential(String,String)&amp#27;[0m
    &amp#27;[32mThen &amp#27;[0m&amp#27;[32mUser see error "&amp#27;[0m&amp#27;[32m&amp#27;[1mEpic sadface: Username and password do not match any user in this service&amp#27;[0m&amp#27;[32m" on login page&amp#27;[0m &amp#27;[90m# LoginSteps.errorText(String)&amp#27;[0m
]]></system-out>
    <system-err><![CDATA[Starting ChromeDriver 111.0.5563.64 (c710e93d5b63b7095afe8c2c17df34408078439d-refs/branch-heads/5563@{#995}) on port 57013
Only local connections are allowed.
Please see https://chromedriver.chromium.org/security-considerations for suggestions on keeping ChromeDriver safe.
ChromeDriver was started successfully.
Mar 11, 2023 9:55:22 AM org.openqa.selenium.remote.ProtocolHandshake createSession
INFO: Detected dialect: W3C
Mar 11, 2023 9:55:22 AM org.openqa.selenium.devtools.CdpVersionFinder findNearestMatch
WARNING: Unable to find an exact match for CDP version 111, so returning the closest version found: a no-op implementation
Mar 11, 2023 9:55:22 AM org.openqa.selenium.devtools.CdpVersionFinder findNearestMatch
INFO: Unable to find CDP implementation matching 111.
Mar 11, 2023 9:55:22 AM org.openqa.selenium.chromium.ChromiumDriver lambda$new$3
WARNING: Unable to find version of CDP to use for . You may need to include a dependency on a specific version of the CDP using something similar to `org.seleniumhq.selenium:selenium-devtools-v86:4.1.2` where the version ("v86") matches the version of the chromium-based browser you're using and the version number of the artifact is the same as Selenium's.
]]></system-err>
  </testcase>
  <testcase name="When User input &quot;&quot; as userName and input &quot;123&quot; as password" classname="|  | 123 | Epic sadface: Username is required |" time="0"/>
  <testcase name="Then User see error &quot;Epic sadface: Username is required&quot; on login page" classname="|  | 123 | Epic sadface: Username is required |" time="0.001"/>
  <testcase name="" classname="|  | 123 | Epic sadface: Username is required |" time="3.559"/>
  <testcase name="Given User open the website sauce demo" classname="|  |  | Epic sadface: Username is required |" time="0">
    <system-out><![CDATA[
  @Login @AllFeature
  Scenario Outline: Invalid login                                          &amp#27;[90m# features/Login.feature:16&amp#27;[0m
    &amp#27;[32mGiven &amp#27;[0m&amp#27;[32mUser open the website sauce demo&amp#27;[0m                                 &amp#27;[90m# LoginSteps.verifyDisplay()&amp#27;[0m
    &amp#27;[32mWhen &amp#27;[0m&amp#27;[32mUser input "&amp#27;[0m&amp#27;[32m&amp#27;[1m&amp#27;[0m&amp#27;[32m" as userName and input "&amp#27;[0m&amp#27;[32m&amp#27;[1m123&amp#27;[0m&amp#27;[32m" as password&amp#27;[0m             &amp#27;[90m# LoginSteps.inputCredential(String,String)&amp#27;[0m
    &amp#27;[32mThen &amp#27;[0m&amp#27;[32mUser see error "&amp#27;[0m&amp#27;[32m&amp#27;[1mEpic sadface: Username is required&amp#27;[0m&amp#27;[32m" on login page&amp#27;[0m &amp#27;[90m# LoginSteps.errorText(String)&amp#27;[0m
]]></system-out>
    <system-err><![CDATA[Starting ChromeDriver 111.0.5563.64 (c710e93d5b63b7095afe8c2c17df34408078439d-refs/branch-heads/5563@{#995}) on port 54999
Only local connections are allowed.
Please see https://chromedriver.chromium.org/security-considerations for suggestions on keeping ChromeDriver safe.
ChromeDriver was started successfully.
Mar 11, 2023 9:55:34 AM org.openqa.selenium.remote.ProtocolHandshake createSession
INFO: Detected dialect: W3C
Mar 11, 2023 9:55:34 AM org.openqa.selenium.devtools.CdpVersionFinder findNearestMatch
WARNING: Unable to find an exact match for CDP version 111, so returning the closest version found: a no-op implementation
Mar 11, 2023 9:55:34 AM org.openqa.selenium.devtools.CdpVersionFinder findNearestMatch
INFO: Unable to find CDP implementation matching 111.
Mar 11, 2023 9:55:34 AM org.openqa.selenium.chromium.ChromiumDriver lambda$new$3
WARNING: Unable to find version of CDP to use for . You may need to include a dependency on a specific version of the CDP using something similar to `org.seleniumhq.selenium:selenium-devtools-v86:4.1.2` where the version ("v86") matches the version of the chromium-based browser you're using and the version number of the artifact is the same as Selenium's.
]]></system-err>
  </testcase>
  <testcase name="When User input &quot;&quot; as userName and input &quot;&quot; as password" classname="|  |  | Epic sadface: Username is required |" time="0"/>
  <testcase name="Then User see error &quot;Epic sadface: Username is required&quot; on login page" classname="|  |  | Epic sadface: Username is required |" time="0"/>
  <testcase name="" classname="|  |  | Epic sadface: Username is required |" time="3.582"/>
</testsuite>